2020-12-16 13:18:45,811 [myid:] - INFO  [main:QuorumPeerConfig@174] - Reading configuration from: /Users/ms/share/project/pro/im_prog/im/nim/dir/zookeeper-3-6-2-s3/bin/../conf/zoo.cfg
2020-12-16 13:18:45,841 [myid:] - INFO  [main:QuorumPeerConfig@460] - clientPortAddress is 0.0.0.0:2183
2020-12-16 13:18:45,841 [myid:] - INFO  [main:QuorumPeerConfig@464] - secureClientPort is not set
2020-12-16 13:18:45,841 [myid:] - INFO  [main:QuorumPeerConfig@480] - observerMasterPort is not set
2020-12-16 13:18:45,842 [myid:] - INFO  [main:QuorumPeerConfig@497] - metricsProvider.className is org.apache.zookeeper.metrics.impl.DefaultMetricsProvider
2020-12-16 13:18:45,862 [myid:3] - INFO  [main:DatadirCleanupManager@78] - autopurge.snapRetainCount set to 3
2020-12-16 13:18:45,862 [myid:3] - INFO  [main:DatadirCleanupManager@79] - autopurge.purgeInterval set to 0
2020-12-16 13:18:45,862 [myid:3] - INFO  [main:DatadirCleanupManager@101] - Purge task is not scheduled.
2020-12-16 13:18:45,870 [myid:3] - INFO  [main:ManagedUtil@44] - Log4j 1.2 jmx support found and enabled.
2020-12-16 13:18:45,881 [myid:3] - INFO  [main:QuorumPeerMain@151] - Starting quorum peer, myid=3
2020-12-16 13:18:45,953 [myid:3] - INFO  [main:ServerMetrics@62] - ServerMetrics initialized with provider org.apache.zookeeper.metrics.impl.DefaultMetricsProvider@2133c8f8
2020-12-16 13:18:45,971 [myid:3] - INFO  [main:ServerCnxnFactory@169] - Using org.apache.zookeeper.server.NIOServerCnxnFactory as server connection factory
2020-12-16 13:18:45,972 [myid:3] - WARN  [main:ServerCnxnFactory@309] - maxCnxns is not configured, using default value 0.
2020-12-16 13:18:45,978 [myid:3] - INFO  [main:NIOServerCnxnFactory@666] - Configuring NIO connection handler with 10s sessionless connection timeout, 1 selector thread(s), 8 worker threads, and 64 kB direct buffers.
2020-12-16 13:18:45,990 [myid:3] - INFO  [main:NIOServerCnxnFactory@674] - binding to port 0.0.0.0/0.0.0.0:2183
2020-12-16 13:18:46,012 [myid:3] - INFO  [main:QuorumPeer@752] - zookeeper.quorumCnxnTimeoutMs=-1
2020-12-16 13:18:46,082 [myid:3] - INFO  [main:Log@169] - Logging initialized @685ms to org.eclipse.jetty.util.log.Slf4jLog
2020-12-16 13:18:46,305 [myid:3] - WARN  [main:ContextHandler@1520] - o.e.j.s.ServletContextHandler@e320068{/,null,UNAVAILABLE} contextPath ends with /*
2020-12-16 13:18:46,305 [myid:3] - WARN  [main:ContextHandler@1531] - Empty contextPath
2020-12-16 13:18:46,348 [myid:3] - INFO  [main:X509Util@77] - Setting -D jdk.tls.rejectClientInitiatedRenegotiation=true to disable client-initiated TLS renegotiation
2020-12-16 13:18:46,351 [myid:3] - INFO  [main:FileTxnSnapLog@124] - zookeeper.snapshot.trust.empty : false
2020-12-16 13:18:46,359 [myid:3] - INFO  [main:QuorumPeer@1683] - Local sessions disabled
2020-12-16 13:18:46,359 [myid:3] - INFO  [main:QuorumPeer@1694] - Local session upgrading disabled
2020-12-16 13:18:46,359 [myid:3] - INFO  [main:QuorumPeer@1661] - tickTime set to 2000
2020-12-16 13:18:46,359 [myid:3] - INFO  [main:QuorumPeer@1705] - minSessionTimeout set to 4000
2020-12-16 13:18:46,359 [myid:3] - INFO  [main:QuorumPeer@1716] - maxSessionTimeout set to 40000
2020-12-16 13:18:46,360 [myid:3] - INFO  [main:QuorumPeer@1741] - initLimit set to 10
2020-12-16 13:18:46,360 [myid:3] - INFO  [main:QuorumPeer@1928] - syncLimit set to 5
2020-12-16 13:18:46,360 [myid:3] - INFO  [main:QuorumPeer@1943] - connectToLearnerMasterLimit set to 0
2020-12-16 13:18:46,387 [myid:3] - INFO  [main:ZookeeperBanner@42] - 
2020-12-16 13:18:46,387 [myid:3] - INFO  [main:ZookeeperBanner@42] -   ______                  _                                          
2020-12-16 13:18:46,387 [myid:3] - INFO  [main:ZookeeperBanner@42] -  |___  /                 | |                                         
2020-12-16 13:18:46,387 [myid:3] - INFO  [main:ZookeeperBanner@42] -     / /    ___     ___   | | __   ___    ___   _ __     ___   _ __   
2020-12-16 13:18:46,387 [myid:3] - INFO  [main:ZookeeperBanner@42] -    / /    / _ \   / _ \  | |/ /  / _ \  / _ \ | '_ \   / _ \ | '__|
2020-12-16 13:18:46,387 [myid:3] - INFO  [main:ZookeeperBanner@42] -   / /__  | (_) | | (_) | |   <  |  __/ |  __/ | |_) | |  __/ | |    
2020-12-16 13:18:46,388 [myid:3] - INFO  [main:ZookeeperBanner@42] -  /_____|  \___/   \___/  |_|\_\  \___|  \___| | .__/   \___| |_|
2020-12-16 13:18:46,388 [myid:3] - INFO  [main:ZookeeperBanner@42] -                                               | |                     
2020-12-16 13:18:46,388 [myid:3] - INFO  [main:ZookeeperBanner@42] -                                               |_|                     
2020-12-16 13:18:46,388 [myid:3] - INFO  [main:ZookeeperBanner@42] - 
2020-12-16 13:18:46,394 [myid:3] - INFO  [main:Environment@98] - Server environment:zookeeper.version=3.6.2--803c7f1a12f85978cb049af5e4ef23bd8b688715, built on 09/04/2020 12:44 GMT
2020-12-16 13:18:46,394 [myid:3] - INFO  [main:Environment@98] - Server environment:host.name=bogon
2020-12-16 13:18:46,394 [myid:3] - INFO  [main:Environment@98] - Server environment:java.version=1.8.0_111
2020-12-16 13:18:46,394 [myid:3] - INFO  [main:Environment@98] - Server environment:java.vendor=Oracle Corporation
2020-12-16 13:18:46,394 [myid:3] - INFO  [main:Environment@98] - Server environment:java.home=/Library/Java/JavaVirtualMachines/jdk1.8.0_111.jdk/Contents/Home/jre
2020-12-16 13:18:46,395 [myid:3] - INFO  [main:Environment@98] - Server environment:java.class.path=/Users/ms/share/project/pro/im_prog/im/nim/dir/zookeeper-3-6-2-s3/bin/../zookeeper-server/target/classes:/Users/ms/share/project/pro/im_prog/im/nim/dir/zookeeper-3-6-2-s3/bin/../build/classes:/Users/ms/share/project/pro/im_prog/im/nim/dir/zookeeper-3-6-2-s3/bin/../zookeeper-server/target/lib/*.jar:/Users/ms/share/project/pro/im_prog/im/nim/dir/zookeeper-3-6-2-s3/bin/../build/lib/*.jar:/Users/ms/share/project/pro/im_prog/im/nim/dir/zookeeper-3-6-2-s3/bin/../lib/zookeeper-prometheus-metrics-3.6.2.jar:/Users/ms/share/project/pro/im_prog/im/nim/dir/zookeeper-3-6-2-s3/bin/../lib/zookeeper-jute-3.6.2.jar:/Users/ms/share/project/pro/im_prog/im/nim/dir/zookeeper-3-6-2-s3/bin/../lib/zookeeper-3.6.2.jar:/Users/ms/share/project/pro/im_prog/im/nim/dir/zookeeper-3-6-2-s3/bin/../lib/snappy-java-1.1.7.jar:/Users/ms/share/project/pro/im_prog/im/nim/dir/zookeeper-3-6-2-s3/bin/../lib/slf4j-log4j12-1.7.25.jar:/Users/ms/share/project/pro/im_prog/im/nim/dir/zookeeper-3-6-2-s3/bin/../lib/slf4j-api-1.7.25.jar:/Users/ms/share/project/pro/im_prog/im/nim/dir/zookeeper-3-6-2-s3/bin/../lib/simpleclient_servlet-0.6.0.jar:/Users/ms/share/project/pro/im_prog/im/nim/dir/zookeeper-3-6-2-s3/bin/../lib/simpleclient_hotspot-0.6.0.jar:/Users/ms/share/project/pro/im_prog/im/nim/dir/zookeeper-3-6-2-s3/bin/../lib/simpleclient_common-0.6.0.jar:/Users/ms/share/project/pro/im_prog/im/nim/dir/zookeeper-3-6-2-s3/bin/../lib/simpleclient-0.6.0.jar:/Users/ms/share/project/pro/im_prog/im/nim/dir/zookeeper-3-6-2-s3/bin/../lib/netty-transport-native-unix-common-4.1.50.Final.jar:/Users/ms/share/project/pro/im_prog/im/nim/dir/zookeeper-3-6-2-s3/bin/../lib/netty-transport-native-epoll-4.1.50.Final.jar:/Users/ms/share/project/pro/im_prog/im/nim/dir/zookeeper-3-6-2-s3/bin/../lib/netty-transport-4.1.50.Final.jar:/Users/ms/share/project/pro/im_prog/im/nim/dir/zookeeper-3-6-2-s3/bin/../lib/netty-resolver-4.1.50.Final.jar:/Users/ms/share/project/pro/im_prog/im/nim/dir/zookeeper-3-6-2-s3/bin/../lib/netty-handler-4.1.50.Final.jar:/Users/ms/share/project/pro/im_prog/im/nim/dir/zookeeper-3-6-2-s3/bin/../lib/netty-common-4.1.50.Final.jar:/Users/ms/share/project/pro/im_prog/im/nim/dir/zookeeper-3-6-2-s3/bin/../lib/netty-codec-4.1.50.Final.jar:/Users/ms/share/project/pro/im_prog/im/nim/dir/zookeeper-3-6-2-s3/bin/../lib/netty-buffer-4.1.50.Final.jar:/Users/ms/share/project/pro/im_prog/im/nim/dir/zookeeper-3-6-2-s3/bin/../lib/metrics-core-3.2.5.jar:/Users/ms/share/project/pro/im_prog/im/nim/dir/zookeeper-3-6-2-s3/bin/../lib/log4j-1.2.17.jar:/Users/ms/share/project/pro/im_prog/im/nim/dir/zookeeper-3-6-2-s3/bin/../lib/json-simple-1.1.1.jar:/Users/ms/share/project/pro/im_prog/im/nim/dir/zookeeper-3-6-2-s3/bin/../lib/jline-2.14.6.jar:/Users/ms/share/project/pro/im_prog/im/nim/dir/zookeeper-3-6-2-s3/bin/../lib/jetty-util-9.4.24.v20191120.jar:/Users/ms/share/project/pro/im_prog/im/nim/dir/zookeeper-3-6-2-s3/bin/../lib/jetty-servlet-9.4.24.v20191120.jar:/Users/ms/share/project/pro/im_prog/im/nim/dir/zookeeper-3-6-2-s3/bin/../lib/jetty-server-9.4.24.v20191120.jar:/Users/ms/share/project/pro/im_prog/im/nim/dir/zookeeper-3-6-2-s3/bin/../lib/jetty-security-9.4.24.v20191120.jar:/Users/ms/share/project/pro/im_prog/im/nim/dir/zookeeper-3-6-2-s3/bin/../lib/jetty-io-9.4.24.v20191120.jar:/Users/ms/share/project/pro/im_prog/im/nim/dir/zookeeper-3-6-2-s3/bin/../lib/jetty-http-9.4.24.v20191120.jar:/Users/ms/share/project/pro/im_prog/im/nim/dir/zookeeper-3-6-2-s3/bin/../lib/javax.servlet-api-3.1.0.jar:/Users/ms/share/project/pro/im_prog/im/nim/dir/zookeeper-3-6-2-s3/bin/../lib/jackson-databind-2.10.3.jar:/Users/ms/share/project/pro/im_prog/im/nim/dir/zookeeper-3-6-2-s3/bin/../lib/jackson-core-2.10.3.jar:/Users/ms/share/project/pro/im_prog/im/nim/dir/zookeeper-3-6-2-s3/bin/../lib/jackson-annotations-2.10.3.jar:/Users/ms/share/project/pro/im_prog/im/nim/dir/zookeeper-3-6-2-s3/bin/../lib/commons-lang-2.6.jar:/Users/ms/share/project/pro/im_prog/im/nim/dir/zookeeper-3-6-2-s3/bin/../lib/commons-cli-1.2.jar:/Users/ms/share/project/pro/im_prog/im/nim/dir/zookeeper-3-6-2-s3/bin/../lib/audience-annotations-0.5.0.jar:/Users/ms/share/project/pro/im_prog/im/nim/dir/zookeeper-3-6-2-s3/bin/../zookeeper-*.jar:/Users/ms/share/project/pro/im_prog/im/nim/dir/zookeeper-3-6-2-s3/bin/../zookeeper-server/src/main/resources/lib/*.jar:/Users/ms/share/project/pro/im_prog/im/nim/dir/zookeeper-3-6-2-s3/bin/../conf:
2020-12-16 13:18:46,395 [myid:3] - INFO  [main:Environment@98] - Server environment:java.library.path=/Users/ms/Library/Java/Extensions:/Library/Java/Extensions:/Network/Library/Java/Extensions:/System/Library/Java/Extensions:/usr/lib/java:.
2020-12-16 13:18:46,395 [myid:3] - INFO  [main:Environment@98] - Server environment:java.io.tmpdir=/var/folders/qf/b_g35vzn35gd3rytccjy53mw0000gn/T/
2020-12-16 13:18:46,395 [myid:3] - INFO  [main:Environment@98] - Server environment:java.compiler=<NA>
2020-12-16 13:18:46,395 [myid:3] - INFO  [main:Environment@98] - Server environment:os.name=Mac OS X
2020-12-16 13:18:46,395 [myid:3] - INFO  [main:Environment@98] - Server environment:os.arch=x86_64
2020-12-16 13:18:46,395 [myid:3] - INFO  [main:Environment@98] - Server environment:os.version=10.15.2
2020-12-16 13:18:46,395 [myid:3] - INFO  [main:Environment@98] - Server environment:user.name=ms
2020-12-16 13:18:46,395 [myid:3] - INFO  [main:Environment@98] - Server environment:user.home=/Users/ms
2020-12-16 13:18:46,396 [myid:3] - INFO  [main:Environment@98] - Server environment:user.dir=/Users/ms/share/project/pro/im_prog/im/nim/dir
2020-12-16 13:18:46,396 [myid:3] - INFO  [main:Environment@98] - Server environment:os.memory.free=100MB
2020-12-16 13:18:46,396 [myid:3] - INFO  [main:Environment@98] - Server environment:os.memory.max=889MB
2020-12-16 13:18:46,396 [myid:3] - INFO  [main:Environment@98] - Server environment:os.memory.total=123MB
2020-12-16 13:18:46,396 [myid:3] - INFO  [main:ZooKeeperServer@129] - zookeeper.enableEagerACLCheck = false
2020-12-16 13:18:46,396 [myid:3] - INFO  [main:ZooKeeperServer@137] - zookeeper.digest.enabled = true
2020-12-16 13:18:46,396 [myid:3] - INFO  [main:ZooKeeperServer@141] - zookeeper.closeSessionTxn.enabled = true
2020-12-16 13:18:46,396 [myid:3] - INFO  [main:ZooKeeperServer@1444] - zookeeper.flushDelay=0
2020-12-16 13:18:46,396 [myid:3] - INFO  [main:ZooKeeperServer@1453] - zookeeper.maxWriteQueuePollTime=0
2020-12-16 13:18:46,397 [myid:3] - INFO  [main:ZooKeeperServer@1462] - zookeeper.maxBatchSize=1000
2020-12-16 13:18:46,397 [myid:3] - INFO  [main:ZooKeeperServer@243] - zookeeper.intBufferStartingSizeBytes = 1024
2020-12-16 13:18:46,415 [myid:3] - INFO  [main:WatchManagerFactory@42] - Using org.apache.zookeeper.server.watch.WatchManager as watch manager
2020-12-16 13:18:46,415 [myid:3] - INFO  [main:WatchManagerFactory@42] - Using org.apache.zookeeper.server.watch.WatchManager as watch manager
2020-12-16 13:18:46,416 [myid:3] - INFO  [main:ZKDatabase@132] - zookeeper.snapshotSizeFactor = 0.33
2020-12-16 13:18:46,416 [myid:3] - INFO  [main:ZKDatabase@152] - zookeeper.commitLogCount=500
2020-12-16 13:18:46,438 [myid:3] - INFO  [main:QuorumPeer@2009] - Using insecure (non-TLS) quorum communication
2020-12-16 13:18:46,438 [myid:3] - INFO  [main:QuorumPeer@2015] - Port unification disabled
2020-12-16 13:18:46,438 [myid:3] - INFO  [main:QuorumPeer@174] - multiAddress.enabled set to false
2020-12-16 13:18:46,439 [myid:3] - INFO  [main:QuorumPeer@199] - multiAddress.reachabilityCheckEnabled set to true
2020-12-16 13:18:46,439 [myid:3] - INFO  [main:QuorumPeer@186] - multiAddress.reachabilityCheckTimeoutMs set to 1000
2020-12-16 13:18:46,439 [myid:3] - INFO  [main:QuorumPeer@2469] - QuorumPeer communication is not secured! (SASL auth disabled)
2020-12-16 13:18:46,439 [myid:3] - INFO  [main:QuorumPeer@2494] - quorum.cnxn.threads.size set to 20
2020-12-16 13:18:46,449 [myid:3] - INFO  [main:SnapStream@61] - zookeeper.snapshot.compression.method = CHECKED
2020-12-16 13:18:46,453 [myid:3] - INFO  [main:FileSnap@85] - Reading snapshot ./zookeeper-3-6-2-s3/zdata/version-2/snapshot.800000014
2020-12-16 13:18:46,461 [myid:3] - INFO  [main:DataTree@1730] - The digest in the snapshot has digest version of 2, , with zxid as 0x800000014, and digest value as 5850117397
2020-12-16 13:18:46,474 [myid:3] - INFO  [main:ZKDatabase@289] - Snapshot loaded in 35 ms, highest zxid is 0x800000014, digest is 5850117397
2020-12-16 13:18:46,482 [myid:3] - INFO  [main:Server@359] - jetty-9.4.24.v20191120; built: 2019-11-20T21:37:49.771Z; git: 363d5f2df3a8a28de40604320230664b9c793c16; jvm 1.8.0_111-b14
2020-12-16 13:18:46,539 [myid:3] - INFO  [main:DefaultSessionIdManager@333] - DefaultSessionIdManager workerName=node0
2020-12-16 13:18:46,539 [myid:3] - INFO  [main:DefaultSessionIdManager@338] - No SessionScavenger set, using defaults
2020-12-16 13:18:46,542 [myid:3] - INFO  [main:HouseKeeper@140] - node0 Scavenging every 660000ms
2020-12-16 13:18:46,549 [myid:3] - WARN  [main:ConstraintSecurityHandler@757] - ServletContext@o.e.j.s.ServletContextHandler@e320068{/,null,STARTING} has uncovered http methods for path: /*
2020-12-16 13:18:46,567 [myid:3] - INFO  [main:ContextHandler@825] - Started o.e.j.s.ServletContextHandler@e320068{/,null,AVAILABLE}
2020-12-16 13:18:46,568 [myid:3] - WARN  [main:QuorumPeer@1083] - Problem starting AdminServer
org.apache.zookeeper.server.admin.AdminServer$AdminServerException: Problem starting AdminServer on address 0.0.0.0, port 8080 and command URL /commands
	at org.apache.zookeeper.server.admin.JettyAdminServer.start(JettyAdminServer.java:180)
	at org.apache.zookeeper.server.quorum.QuorumPeer.start(QuorumPeer.java:1081)
	at org.apache.zookeeper.server.quorum.QuorumPeerMain.runFromConfig(QuorumPeerMain.java:227)
	at org.apache.zookeeper.server.quorum.QuorumPeerMain.initializeAndRun(QuorumPeerMain.java:136)
	at org.apache.zookeeper.server.quorum.QuorumPeerMain.main(QuorumPeerMain.java:90)
Caused by: java.io.IOException: Failed to bind to /0.0.0.0:8080
	at org.eclipse.jetty.server.ServerConnector.openAcceptChannel(ServerConnector.java:346)
	at org.eclipse.jetty.server.ServerConnector.open(ServerConnector.java:307)
	at org.eclipse.jetty.server.AbstractNetworkConnector.doStart(AbstractNetworkConnector.java:80)
	at org.eclipse.jetty.server.ServerConnector.doStart(ServerConnector.java:231)
	at org.eclipse.jetty.util.component.AbstractLifeCycle.start(AbstractLifeCycle.java:72)
	at org.eclipse.jetty.server.Server.doStart(Server.java:385)
	at org.eclipse.jetty.util.component.AbstractLifeCycle.start(AbstractLifeCycle.java:72)
	at org.apache.zookeeper.server.admin.JettyAdminServer.start(JettyAdminServer.java:171)
	... 4 more
Caused by: java.net.BindException: Address already in use
	at sun.nio.ch.Net.bind0(Native Method)
	at sun.nio.ch.Net.bind(Net.java:433)
	at sun.nio.ch.Net.bind(Net.java:425)
	at sun.nio.ch.ServerSocketChannelImpl.bind(ServerSocketChannelImpl.java:223)
	at sun.nio.ch.ServerSocketAdaptor.bind(ServerSocketAdaptor.java:74)
	at org.eclipse.jetty.server.ServerConnector.openAcceptChannel(ServerConnector.java:342)
	... 11 more
org.apache.zookeeper.server.admin.AdminServer$AdminServerException: Problem starting AdminServer on address 0.0.0.0, port 8080 and command URL /commands
2020-12-16 13:18:46,573 [myid:3] - INFO  [main:QuorumPeer@2511] - Using 10000ms as the quorum cnxn socket timeout
2020-12-16 13:18:46,585 [myid:3] - INFO  [main:QuorumCnxManager$Listener@923] - Election port bind maximum retries is 3
2020-12-16 13:18:46,590 [myid:3] - INFO  [main:FastLeaderElection@88] - zookeeper.fastleader.minNotificationInterval=200
2020-12-16 13:18:46,590 [myid:3] - INFO  [main:FastLeaderElection@90] - zookeeper.fastleader.maxNotificationInterval=60000
2020-12-16 13:18:46,598 [myid:3] - INFO  [ListenerHandler-/127.0.0.1:3389:QuorumCnxManager$Listener$ListenerHandler@1065] - 3 is accepting connections now, my election bind port: /127.0.0.1:3389
2020-12-16 13:18:46,598 [myid:3] - INFO  [main:ZKAuditProvider@42] - ZooKeeper audit is disabled.
2020-12-16 13:18:46,606 [myid:3] - INFO  [QuorumPeer[myid=3](plain=[0:0:0:0:0:0:0:0]:2183)(secure=disabled):QuorumPeer@1374] - LOOKING
2020-12-16 13:18:46,607 [myid:3] - INFO  [QuorumPeer[myid=3](plain=[0:0:0:0:0:0:0:0]:2183)(secure=disabled):FastLeaderElection@944] - New election. My id = 3, proposed zxid=0x800000014
2020-12-16 13:18:46,628 [myid:3] - INFO  [WorkerReceiver[myid=3]:FastLeaderElection$Messenger$WorkerReceiver@389] - Notification: my state:LOOKING; n.sid:3, n.state:LOOKING, n.leader:3, n.round:0x1, n.peerEpoch:0x9, n.zxid:0x800000014, message format version:0x2, n.config version:0x0
2020-12-16 13:18:46,634 [myid:3] - INFO  [WorkerReceiver[myid=3]:FastLeaderElection$Messenger$WorkerReceiver@389] - Notification: my state:LOOKING; n.sid:1, n.state:LOOKING, n.leader:1, n.round:0x5, n.peerEpoch:0x9, n.zxid:0x800000014, message format version:0x2, n.config version:0x0
2020-12-16 13:18:46,634 [myid:3] - INFO  [WorkerReceiver[myid=3]:FastLeaderElection$Messenger$WorkerReceiver@389] - Notification: my state:LOOKING; n.sid:2, n.state:LOOKING, n.leader:1, n.round:0x5, n.peerEpoch:0x9, n.zxid:0x800000014, message format version:0x2, n.config version:0x0
2020-12-16 13:18:46,635 [myid:3] - INFO  [WorkerReceiver[myid=3]:FastLeaderElection$Messenger$WorkerReceiver@389] - Notification: my state:LOOKING; n.sid:2, n.state:FOLLOWING, n.leader:1, n.round:0x5, n.peerEpoch:0xa, n.zxid:0x800000014, message format version:0x2, n.config version:0x0
2020-12-16 13:18:46,636 [myid:3] - INFO  [WorkerReceiver[myid=3]:FastLeaderElection$Messenger$WorkerReceiver@389] - Notification: my state:LOOKING; n.sid:1, n.state:LEADING, n.leader:1, n.round:0x5, n.peerEpoch:0xa, n.zxid:0x800000014, message format version:0x2, n.config version:0x0
2020-12-16 13:18:46,637 [myid:3] - INFO  [QuorumPeer[myid=3](plain=[0:0:0:0:0:0:0:0]:2183)(secure=disabled):QuorumPeer@857] - Peer state changed: following
2020-12-16 13:18:46,638 [myid:3] - INFO  [QuorumPeer[myid=3](plain=[0:0:0:0:0:0:0:0]:2183)(secure=disabled):QuorumPeer@1456] - FOLLOWING
2020-12-16 13:18:46,640 [myid:3] - INFO  [WorkerReceiver[myid=3]:FastLeaderElection$Messenger$WorkerReceiver@389] - Notification: my state:FOLLOWING; n.sid:3, n.state:LOOKING, n.leader:3, n.round:0x5, n.peerEpoch:0x9, n.zxid:0x800000014, message format version:0x2, n.config version:0x0
2020-12-16 13:18:46,641 [myid:3] - INFO  [WorkerReceiver[myid=3]:FastLeaderElection$Messenger$WorkerReceiver@389] - Notification: my state:FOLLOWING; n.sid:1, n.state:LEADING, n.leader:1, n.round:0x5, n.peerEpoch:0xa, n.zxid:0x800000014, message format version:0x2, n.config version:0x0
2020-12-16 13:18:46,645 [myid:3] - INFO  [WorkerReceiver[myid=3]:FastLeaderElection$Messenger$WorkerReceiver@389] - Notification: my state:FOLLOWING; n.sid:3, n.state:FOLLOWING, n.leader:1, n.round:0x5, n.peerEpoch:0xa, n.zxid:0x800000014, message format version:0x2, n.config version:0x0
2020-12-16 13:18:46,645 [myid:3] - INFO  [WorkerReceiver[myid=3]:FastLeaderElection$Messenger$WorkerReceiver@389] - Notification: my state:FOLLOWING; n.sid:2, n.state:FOLLOWING, n.leader:1, n.round:0x5, n.peerEpoch:0xa, n.zxid:0x800000014, message format version:0x2, n.config version:0x0
2020-12-16 13:18:46,646 [myid:3] - INFO  [QuorumPeer[myid=3](plain=[0:0:0:0:0:0:0:0]:2183)(secure=disabled):Learner@117] - leaderConnectDelayDuringRetryMs: 100
2020-12-16 13:18:46,646 [myid:3] - INFO  [QuorumPeer[myid=3](plain=[0:0:0:0:0:0:0:0]:2183)(secure=disabled):Learner@118] - TCP NoDelay set to: true
2020-12-16 13:18:46,650 [myid:3] - INFO  [QuorumPeer[myid=3](plain=[0:0:0:0:0:0:0:0]:2183)(secure=disabled):BlueThrottle@141] - Weighed connection throttling is disabled
2020-12-16 13:18:46,652 [myid:3] - INFO  [QuorumPeer[myid=3](plain=[0:0:0:0:0:0:0:0]:2183)(secure=disabled):ZooKeeperServer@1256] - minSessionTimeout set to 4000
2020-12-16 13:18:46,652 [myid:3] - INFO  [QuorumPeer[myid=3](plain=[0:0:0:0:0:0:0:0]:2183)(secure=disabled):ZooKeeperServer@1265] - maxSessionTimeout set to 40000
2020-12-16 13:18:46,653 [myid:3] - INFO  [QuorumPeer[myid=3](plain=[0:0:0:0:0:0:0:0]:2183)(secure=disabled):ResponseCache@45] - Response cache size is initialized with value 400.
2020-12-16 13:18:46,653 [myid:3] - INFO  [QuorumPeer[myid=3](plain=[0:0:0:0:0:0:0:0]:2183)(secure=disabled):ResponseCache@45] - Response cache size is initialized with value 400.
2020-12-16 13:18:46,655 [myid:3] - INFO  [QuorumPeer[myid=3](plain=[0:0:0:0:0:0:0:0]:2183)(secure=disabled):RequestPathMetricsCollector@111] - zookeeper.pathStats.slotCapacity = 60
2020-12-16 13:18:46,656 [myid:3] - INFO  [QuorumPeer[myid=3](plain=[0:0:0:0:0:0:0:0]:2183)(secure=disabled):RequestPathMetricsCollector@112] - zookeeper.pathStats.slotDuration = 15
2020-12-16 13:18:46,656 [myid:3] - INFO  [QuorumPeer[myid=3](plain=[0:0:0:0:0:0:0:0]:2183)(secure=disabled):RequestPathMetricsCollector@113] - zookeeper.pathStats.maxDepth = 6
2020-12-16 13:18:46,656 [myid:3] - INFO  [QuorumPeer[myid=3](plain=[0:0:0:0:0:0:0:0]:2183)(secure=disabled):RequestPathMetricsCollector@114] - zookeeper.pathStats.initialDelay = 5
2020-12-16 13:18:46,656 [myid:3] - INFO  [QuorumPeer[myid=3](plain=[0:0:0:0:0:0:0:0]:2183)(secure=disabled):RequestPathMetricsCollector@115] - zookeeper.pathStats.delay = 5
2020-12-16 13:18:46,656 [myid:3] - INFO  [QuorumPeer[myid=3](plain=[0:0:0:0:0:0:0:0]:2183)(secure=disabled):RequestPathMetricsCollector@116] - zookeeper.pathStats.enabled = false
2020-12-16 13:18:46,659 [myid:3] - INFO  [QuorumPeer[myid=3](plain=[0:0:0:0:0:0:0:0]:2183)(secure=disabled):ZooKeeperServer@1481] - The max bytes for all large requests are set to 104857600
2020-12-16 13:18:46,659 [myid:3] - INFO  [QuorumPeer[myid=3](plain=[0:0:0:0:0:0:0:0]:2183)(secure=disabled):ZooKeeperServer@1495] - The large request threshold is set to -1
2020-12-16 13:18:46,659 [myid:3] - INFO  [QuorumPeer[myid=3](plain=[0:0:0:0:0:0:0:0]:2183)(secure=disabled):ZooKeeperServer@339] - Created server with tickTime 2000 minSessionTimeout 4000 maxSessionTimeout 40000 clientPortListenBacklog -1 datadir ./zookeeper-3-6-2-s3/zdata/version-2 snapdir ./zookeeper-3-6-2-s3/zdata/version-2
2020-12-16 13:18:46,661 [myid:3] - INFO  [QuorumPeer[myid=3](plain=[0:0:0:0:0:0:0:0]:2183)(secure=disabled):Follower@75] - FOLLOWING - LEADER ELECTION TOOK - 54 MS
2020-12-16 13:18:46,664 [myid:3] - INFO  [QuorumPeer[myid=3](plain=[0:0:0:0:0:0:0:0]:2183)(secure=disabled):QuorumPeer@863] - Peer state changed: following - discovery
2020-12-16 13:18:46,667 [myid:3] - INFO  [LeaderConnector-/127.0.0.1:2287:Learner$LeaderConnector@330] - Successfully connected to leader, using address: /127.0.0.1:2287
2020-12-16 13:18:46,678 [myid:3] - INFO  [QuorumPeer[myid=3](plain=[0:0:0:0:0:0:0:0]:2183)(secure=disabled):QuorumPeer@863] - Peer state changed: following - synchronization
2020-12-16 13:18:46,680 [myid:3] - INFO  [QuorumPeer[myid=3](plain=[0:0:0:0:0:0:0:0]:2183)(secure=disabled):Learner@511] - Getting a diff from the leader 0x800000014
2020-12-16 13:18:46,681 [myid:3] - INFO  [QuorumPeer[myid=3](plain=[0:0:0:0:0:0:0:0]:2183)(secure=disabled):QuorumPeer@868] - Peer state changed: following - synchronization - diff
2020-12-16 13:18:46,684 [myid:3] - INFO  [QuorumPeer[myid=3](plain=[0:0:0:0:0:0:0:0]:2183)(secure=disabled):Learner@677] - Learner received NEWLEADER message
2020-12-16 13:18:46,685 [myid:3] - INFO  [QuorumPeer[myid=3](plain=[0:0:0:0:0:0:0:0]:2183)(secure=disabled):QuorumPeer@1811] - Dynamic reconfig is disabled, we don't store the last seen config.
2020-12-16 13:18:46,687 [myid:3] - INFO  [QuorumPeer[myid=3](plain=[0:0:0:0:0:0:0:0]:2183)(secure=disabled):Learner@661] - Learner received UPTODATE message
2020-12-16 13:18:46,687 [myid:3] - INFO  [QuorumPeer[myid=3](plain=[0:0:0:0:0:0:0:0]:2183)(secure=disabled):QuorumPeer@868] - Peer state changed: following - synchronization
2020-12-16 13:18:46,698 [myid:3] - INFO  [QuorumPeer[myid=3](plain=[0:0:0:0:0:0:0:0]:2183)(secure=disabled):CommitProcessor@476] - Configuring CommitProcessor with readBatchSize -1 commitBatchSize 1
2020-12-16 13:18:46,699 [myid:3] - INFO  [QuorumPeer[myid=3](plain=[0:0:0:0:0:0:0:0]:2183)(secure=disabled):CommitProcessor@438] - Configuring CommitProcessor with 4 worker threads.
2020-12-16 13:18:46,701 [myid:3] - INFO  [QuorumPeer[myid=3](plain=[0:0:0:0:0:0:0:0]:2183)(secure=disabled):RequestThrottler@74] - zookeeper.request_throttler.shutdownTimeout = 10000
2020-12-16 13:18:46,716 [myid:3] - INFO  [QuorumPeer[myid=3](plain=[0:0:0:0:0:0:0:0]:2183)(secure=disabled):QuorumPeer@863] - Peer state changed: following - broadcast
2020-12-16 13:19:51,724 [myid:3] - WARN  [QuorumPeer[myid=3](plain=[0:0:0:0:0:0:0:0]:2183)(secure=disabled):Follower@170] - Got zxid 0xa00000001 expected 0x1
2020-12-16 13:19:51,725 [myid:3] - INFO  [SyncThread:3:FileTxnLog@284] - Creating new log file: log.a00000001
2020-12-16 13:19:51,729 [myid:3] - INFO  [CommitProcessor:3:LearnerSessionTracker@116] - Committing global session 0x20003f3c7870000
2020-12-16 13:20:34,569 [myid:3] - INFO  [CommitProcessor:3:LearnerSessionTracker@116] - Committing global session 0x20003f3c7870001
2020-12-16 13:22:33,760 [myid:3] - INFO  [CommitProcessor:3:LearnerSessionTracker@116] - Committing global session 0x10003f3c78b0000
2020-12-16 13:22:49,332 [myid:3] - INFO  [CommitProcessor:3:LearnerSessionTracker@116] - Committing global session 0x30003f3d1000000
2020-12-16 13:23:20,063 [myid:3] - INFO  [CommitProcessor:3:LearnerSessionTracker@116] - Committing global session 0x30003f3d1000001
2020-12-16 13:23:23,508 [myid:3] - WARN  [NIOWorkerThread-1:NIOServerCnxn@364] - Unexpected exception
EndOfStreamException: Unable to read additional data from client, it probably closed the socket: address = /127.0.0.1:59879, session = 0x30003f3d1000001
	at org.apache.zookeeper.server.NIOServerCnxn.handleFailedRead(NIOServerCnxn.java:163)
	at org.apache.zookeeper.server.NIOServerCnxn.doIO(NIOServerCnxn.java:326)
	at org.apache.zookeeper.server.NIOServerCnxnFactory$IOWorkRequest.doWork(NIOServerCnxnFactory.java:522)
	at org.apache.zookeeper.server.WorkerService$ScheduledWorkRequest.run(WorkerService.java:154)
	at java.util.concurrent.ThreadPoolExecutor.runWorker(ThreadPoolExecutor.java:1142)
	at java.util.concurrent.ThreadPoolExecutor$Worker.run(ThreadPoolExecutor.java:617)
	at java.lang.Thread.run(Thread.java:745)
2020-12-16 14:09:34,345 [myid:3] - INFO  [CommitProcessor:3:LearnerSessionTracker@116] - Committing global session 0x30003f3d1000002
2020-12-16 14:24:13,210 [myid:3] - WARN  [NIOWorkerThread-3:NIOServerCnxn@364] - Unexpected exception
EndOfStreamException: Unable to read additional data from client, it probably closed the socket: address = /127.0.0.1:60277, session = 0x30003f3d1000002
	at org.apache.zookeeper.server.NIOServerCnxn.handleFailedRead(NIOServerCnxn.java:163)
	at org.apache.zookeeper.server.NIOServerCnxn.doIO(NIOServerCnxn.java:326)
	at org.apache.zookeeper.server.NIOServerCnxnFactory$IOWorkRequest.doWork(NIOServerCnxnFactory.java:522)
	at org.apache.zookeeper.server.WorkerService$ScheduledWorkRequest.run(WorkerService.java:154)
	at java.util.concurrent.ThreadPoolExecutor.runWorker(ThreadPoolExecutor.java:1142)
	at java.util.concurrent.ThreadPoolExecutor$Worker.run(ThreadPoolExecutor.java:617)
	at java.lang.Thread.run(Thread.java:745)
2020-12-16 14:28:59,872 [myid:3] - INFO  [CommitProcessor:3:LearnerSessionTracker@116] - Committing global session 0x10003f3c78b0001
2020-12-16 14:43:57,249 [myid:3] - INFO  [CommitProcessor:3:LearnerSessionTracker@116] - Committing global session 0x30003f3d1000003
2020-12-16 14:44:49,683 [myid:3] - WARN  [NIOWorkerThread-7:NIOServerCnxn@364] - Unexpected exception
EndOfStreamException: Unable to read additional data from client, it probably closed the socket: address = /127.0.0.1:61117, session = 0x30003f3d1000003
	at org.apache.zookeeper.server.NIOServerCnxn.handleFailedRead(NIOServerCnxn.java:163)
	at org.apache.zookeeper.server.NIOServerCnxn.doIO(NIOServerCnxn.java:326)
	at org.apache.zookeeper.server.NIOServerCnxnFactory$IOWorkRequest.doWork(NIOServerCnxnFactory.java:522)
	at org.apache.zookeeper.server.WorkerService$ScheduledWorkRequest.run(WorkerService.java:154)
	at java.util.concurrent.ThreadPoolExecutor.runWorker(ThreadPoolExecutor.java:1142)
	at java.util.concurrent.ThreadPoolExecutor$Worker.run(ThreadPoolExecutor.java:617)
	at java.lang.Thread.run(Thread.java:745)
2020-12-16 14:45:00,219 [myid:3] - INFO  [CommitProcessor:3:LearnerSessionTracker@116] - Committing global session 0x10003f3c78b0002
2020-12-16 14:45:57,310 [myid:3] - INFO  [CommitProcessor:3:LearnerSessionTracker@116] - Committing global session 0x30003f3d1000004
2020-12-16 19:35:02,725 [myid:3] - WARN  [NIOWorkerThread-4:NIOServerCnxn@364] - Unexpected exception
EndOfStreamException: Unable to read additional data from client, it probably closed the socket: address = /127.0.0.1:61158, session = 0x30003f3d1000004
	at org.apache.zookeeper.server.NIOServerCnxn.handleFailedRead(NIOServerCnxn.java:163)
	at org.apache.zookeeper.server.NIOServerCnxn.doIO(NIOServerCnxn.java:326)
	at org.apache.zookeeper.server.NIOServerCnxnFactory$IOWorkRequest.doWork(NIOServerCnxnFactory.java:522)
	at org.apache.zookeeper.server.WorkerService$ScheduledWorkRequest.run(WorkerService.java:154)
	at java.util.concurrent.ThreadPoolExecutor.runWorker(ThreadPoolExecutor.java:1142)
	at java.util.concurrent.ThreadPoolExecutor$Worker.run(ThreadPoolExecutor.java:617)
	at java.lang.Thread.run(Thread.java:745)
2020-12-16 20:32:45,278 [myid:3] - WARN  [QuorumPeer[myid=3](plain=[0:0:0:0:0:0:0:0]:2183)(secure=disabled):Follower@129] - Exception when following the leader
java.io.EOFException
	at java.io.DataInputStream.readInt(DataInputStream.java:392)
	at org.apache.jute.BinaryInputArchive.readInt(BinaryInputArchive.java:96)
	at org.apache.zookeeper.server.quorum.QuorumPacket.deserialize(QuorumPacket.java:86)
	at org.apache.jute.BinaryInputArchive.readRecord(BinaryInputArchive.java:134)
	at org.apache.zookeeper.server.quorum.Learner.readPacket(Learner.java:182)
	at org.apache.zookeeper.server.quorum.Follower.followLeader(Follower.java:125)
	at org.apache.zookeeper.server.quorum.QuorumPeer.run(QuorumPeer.java:1458)
2020-12-16 20:32:45,278 [myid:3] - WARN  [RecvWorker:1:QuorumCnxManager$RecvWorker@1395] - Connection broken for id 1, my id = 3
java.io.EOFException
	at java.io.DataInputStream.readInt(DataInputStream.java:392)
	at org.apache.zookeeper.server.quorum.QuorumCnxManager$RecvWorker.run(QuorumCnxManager.java:1383)
2020-12-16 20:32:45,281 [myid:3] - WARN  [RecvWorker:1:QuorumCnxManager$RecvWorker@1401] - Interrupting SendWorker thread from RecvWorker. sid: 1. myId: 3
2020-12-16 20:32:45,282 [myid:3] - WARN  [SendWorker:1:QuorumCnxManager$SendWorker@1281] - Interrupted while waiting for message on queue
java.lang.InterruptedException
	at java.util.concurrent.locks.AbstractQueuedSynchronizer$ConditionObject.reportInterruptAfterWait(AbstractQueuedSynchronizer.java:2014)
	at java.util.concurrent.locks.AbstractQueuedSynchronizer$ConditionObject.awaitNanos(AbstractQueuedSynchronizer.java:2088)
	at org.apache.zookeeper.util.CircularBlockingQueue.poll(CircularBlockingQueue.java:105)
	at org.apache.zookeeper.server.quorum.QuorumCnxManager.pollSendQueue(QuorumCnxManager.java:1446)
	at org.apache.zookeeper.server.quorum.QuorumCnxManager.access$900(QuorumCnxManager.java:98)
	at org.apache.zookeeper.server.quorum.QuorumCnxManager$SendWorker.run(QuorumCnxManager.java:1270)
2020-12-16 20:32:45,283 [myid:3] - WARN  [SendWorker:1:QuorumCnxManager$SendWorker@1293] - Send worker leaving thread id 1 my id = 3
2020-12-16 20:32:45,287 [myid:3] - INFO  [QuorumPeer[myid=3](plain=[0:0:0:0:0:0:0:0]:2183)(secure=disabled):Follower@143] - Disconnected from leader (with address: /127.0.0.1:2287). Was connected for 26038612ms. Sync state: true
2020-12-16 20:32:45,288 [myid:3] - INFO  [QuorumPeer[myid=3](plain=[0:0:0:0:0:0:0:0]:2183)(secure=disabled):Follower@292] - shutdown Follower
2020-12-16 20:32:45,290 [myid:3] - INFO  [QuorumPeer[myid=3](plain=[0:0:0:0:0:0:0:0]:2183)(secure=disabled):LearnerZooKeeperServer@160] - Shutting down
2020-12-16 20:32:45,291 [myid:3] - INFO  [QuorumPeer[myid=3](plain=[0:0:0:0:0:0:0:0]:2183)(secure=disabled):ZooKeeperServer@794] - shutting down
2020-12-16 20:32:45,291 [myid:3] - INFO  [QuorumPeer[myid=3](plain=[0:0:0:0:0:0:0:0]:2183)(secure=disabled):RequestThrottler@244] - Shutting down
2020-12-16 20:32:45,292 [myid:3] - INFO  [RequestThrottler:RequestThrottler@205] - Draining request throttler queue
2020-12-16 20:32:45,292 [myid:3] - INFO  [RequestThrottler:RequestThrottler@181] - RequestThrottler shutdown. Dropped 0 requests
2020-12-16 20:32:45,293 [myid:3] - INFO  [QuorumPeer[myid=3](plain=[0:0:0:0:0:0:0:0]:2183)(secure=disabled):FollowerRequestProcessor@148] - Shutting down
2020-12-16 20:32:45,293 [myid:3] - INFO  [QuorumPeer[myid=3](plain=[0:0:0:0:0:0:0:0]:2183)(secure=disabled):CommitProcessor@617] - Shutting down
2020-12-16 20:32:45,293 [myid:3] - INFO  [FollowerRequestProcessor:3:FollowerRequestProcessor@112] - FollowerRequestProcessor exited loop!
2020-12-16 20:32:45,293 [myid:3] - INFO  [CommitProcessor:3:CommitProcessor@406] - CommitProcessor exited loop!
2020-12-16 20:32:45,294 [myid:3] - INFO  [QuorumPeer[myid=3](plain=[0:0:0:0:0:0:0:0]:2183)(secure=disabled):FinalRequestProcessor@662] - shutdown of request processor complete
2020-12-16 20:32:45,301 [myid:3] - INFO  [QuorumPeer[myid=3](plain=[0:0:0:0:0:0:0:0]:2183)(secure=disabled):SyncRequestProcessor@256] - Shutting down
2020-12-16 20:32:45,302 [myid:3] - INFO  [SyncThread:3:SyncRequestProcessor@225] - SyncRequestProcessor exited!
2020-12-16 20:32:45,303 [myid:3] - INFO  [QuorumPeer[myid=3](plain=[0:0:0:0:0:0:0:0]:2183)(secure=disabled):QuorumPeer@863] - Peer state changed: looking
2020-12-16 20:32:45,303 [myid:3] - WARN  [QuorumPeer[myid=3](plain=[0:0:0:0:0:0:0:0]:2183)(secure=disabled):QuorumPeer@1504] - PeerState set to LOOKING
2020-12-16 20:32:45,304 [myid:3] - INFO  [QuorumPeer[myid=3](plain=[0:0:0:0:0:0:0:0]:2183)(secure=disabled):QuorumPeer@1374] - LOOKING
2020-12-16 20:32:45,305 [myid:3] - INFO  [QuorumPeer[myid=3](plain=[0:0:0:0:0:0:0:0]:2183)(secure=disabled):FastLeaderElection@944] - New election. My id = 3, proposed zxid=0xa00000026
2020-12-16 20:32:45,312 [myid:3] - WARN  [QuorumConnectionThread-[myid=3]-3:QuorumCnxManager@400] - Cannot open channel to 1 at election address /127.0.0.1:3387
java.net.ConnectException: Connection refused (Connection refused)
	at java.net.PlainSocketImpl.socketConnect(Native Method)
	at java.net.AbstractPlainSocketImpl.doConnect(AbstractPlainSocketImpl.java:350)
	at java.net.AbstractPlainSocketImpl.connectToAddress(AbstractPlainSocketImpl.java:206)
	at java.net.AbstractPlainSocketImpl.connect(AbstractPlainSocketImpl.java:188)
	at java.net.SocksSocketImpl.connect(SocksSocketImpl.java:392)
	at java.net.Socket.connect(Socket.java:589)
	at org.apache.zookeeper.server.quorum.QuorumCnxManager.initiateConnection(QuorumCnxManager.java:383)
	at org.apache.zookeeper.server.quorum.QuorumCnxManager$QuorumConnectionReqThread.run(QuorumCnxManager.java:457)
	at java.util.concurrent.ThreadPoolExecutor.runWorker(ThreadPoolExecutor.java:1142)
	at java.util.concurrent.ThreadPoolExecutor$Worker.run(ThreadPoolExecutor.java:617)
	at java.lang.Thread.run(Thread.java:745)
2020-12-16 20:32:45,312 [myid:3] - INFO  [WorkerReceiver[myid=3]:FastLeaderElection$Messenger$WorkerReceiver@389] - Notification: my state:LOOKING; n.sid:3, n.state:LOOKING, n.leader:3, n.round:0x6, n.peerEpoch:0xa, n.zxid:0xa00000026, message format version:0x2, n.config version:0x0
2020-12-16 20:32:45,319 [myid:3] - INFO  [WorkerReceiver[myid=3]:FastLeaderElection$Messenger$WorkerReceiver@389] - Notification: my state:LOOKING; n.sid:2, n.state:LOOKING, n.leader:2, n.round:0x6, n.peerEpoch:0xa, n.zxid:0xa00000026, message format version:0x2, n.config version:0x0
2020-12-16 20:32:45,321 [myid:3] - INFO  [WorkerReceiver[myid=3]:FastLeaderElection$Messenger$WorkerReceiver@389] - Notification: my state:LOOKING; n.sid:2, n.state:LOOKING, n.leader:3, n.round:0x6, n.peerEpoch:0xa, n.zxid:0xa00000026, message format version:0x2, n.config version:0x0
2020-12-16 20:32:45,526 [myid:3] - INFO  [QuorumPeer[myid=3](plain=[0:0:0:0:0:0:0:0]:2183)(secure=disabled):QuorumPeer@857] - Peer state changed: leading
2020-12-16 20:32:45,527 [myid:3] - INFO  [QuorumPeer[myid=3](plain=[0:0:0:0:0:0:0:0]:2183)(secure=disabled):QuorumPeer@1468] - LEADING
2020-12-16 20:32:45,534 [myid:3] - INFO  [QuorumPeer[myid=3](plain=[0:0:0:0:0:0:0:0]:2183)(secure=disabled):LearnerMaster@47] - zookeeper.leader.maxConcurrentSnapSyncs = 10
2020-12-16 20:32:45,534 [myid:3] - INFO  [QuorumPeer[myid=3](plain=[0:0:0:0:0:0:0:0]:2183)(secure=disabled):LearnerMaster@50] - zookeeper.leader.maxConcurrentDiffSyncs = 100
2020-12-16 20:32:45,534 [myid:3] - INFO  [QuorumPeer[myid=3](plain=[0:0:0:0:0:0:0:0]:2183)(secure=disabled):Leader@84] - TCP NoDelay set to: true
2020-12-16 20:32:45,535 [myid:3] - INFO  [QuorumPeer[myid=3](plain=[0:0:0:0:0:0:0:0]:2183)(secure=disabled):Leader@105] - zookeeper.leader.ackLoggingFrequency = 1000
2020-12-16 20:32:45,535 [myid:3] - INFO  [QuorumPeer[myid=3](plain=[0:0:0:0:0:0:0:0]:2183)(secure=disabled):Leader@1354] - zookeeper.leader.maxTimeToWaitForEpoch = -1ms
2020-12-16 20:32:45,536 [myid:3] - INFO  [QuorumPeer[myid=3](plain=[0:0:0:0:0:0:0:0]:2183)(secure=disabled):ZooKeeperServer@1256] - minSessionTimeout set to 4000
2020-12-16 20:32:45,536 [myid:3] - INFO  [QuorumPeer[myid=3](plain=[0:0:0:0:0:0:0:0]:2183)(secure=disabled):ZooKeeperServer@1265] - maxSessionTimeout set to 40000
2020-12-16 20:32:45,536 [myid:3] - INFO  [QuorumPeer[myid=3](plain=[0:0:0:0:0:0:0:0]:2183)(secure=disabled):ResponseCache@45] - Response cache size is initialized with value 400.
2020-12-16 20:32:45,536 [myid:3] - INFO  [QuorumPeer[myid=3](plain=[0:0:0:0:0:0:0:0]:2183)(secure=disabled):ResponseCache@45] - Response cache size is initialized with value 400.
2020-12-16 20:32:45,536 [myid:3] - INFO  [QuorumPeer[myid=3](plain=[0:0:0:0:0:0:0:0]:2183)(secure=disabled):RequestPathMetricsCollector@111] - zookeeper.pathStats.slotCapacity = 60
2020-12-16 20:32:45,536 [myid:3] - INFO  [QuorumPeer[myid=3](plain=[0:0:0:0:0:0:0:0]:2183)(secure=disabled):RequestPathMetricsCollector@112] - zookeeper.pathStats.slotDuration = 15
2020-12-16 20:32:45,537 [myid:3] - INFO  [QuorumPeer[myid=3](plain=[0:0:0:0:0:0:0:0]:2183)(secure=disabled):RequestPathMetricsCollector@113] - zookeeper.pathStats.maxDepth = 6
2020-12-16 20:32:45,537 [myid:3] - INFO  [QuorumPeer[myid=3](plain=[0:0:0:0:0:0:0:0]:2183)(secure=disabled):RequestPathMetricsCollector@114] - zookeeper.pathStats.initialDelay = 5
2020-12-16 20:32:45,537 [myid:3] - INFO  [QuorumPeer[myid=3](plain=[0:0:0:0:0:0:0:0]:2183)(secure=disabled):RequestPathMetricsCollector@115] - zookeeper.pathStats.delay = 5
2020-12-16 20:32:45,537 [myid:3] - INFO  [QuorumPeer[myid=3](plain=[0:0:0:0:0:0:0:0]:2183)(secure=disabled):RequestPathMetricsCollector@116] - zookeeper.pathStats.enabled = false
2020-12-16 20:32:45,537 [myid:3] - INFO  [QuorumPeer[myid=3](plain=[0:0:0:0:0:0:0:0]:2183)(secure=disabled):ZooKeeperServer@1481] - The max bytes for all large requests are set to 104857600
2020-12-16 20:32:45,538 [myid:3] - INFO  [QuorumPeer[myid=3](plain=[0:0:0:0:0:0:0:0]:2183)(secure=disabled):ZooKeeperServer@1495] - The large request threshold is set to -1
2020-12-16 20:32:45,538 [myid:3] - INFO  [QuorumPeer[myid=3](plain=[0:0:0:0:0:0:0:0]:2183)(secure=disabled):ZooKeeperServer@339] - Created server with tickTime 2000 minSessionTimeout 4000 maxSessionTimeout 40000 clientPortListenBacklog -1 datadir ./zookeeper-3-6-2-s3/zdata/version-2 snapdir ./zookeeper-3-6-2-s3/zdata/version-2
2020-12-16 20:32:45,542 [myid:3] - INFO  [QuorumPeer[myid=3](plain=[0:0:0:0:0:0:0:0]:2183)(secure=disabled):Leader@581] - LEADING - LEADER ELECTION TOOK - 236 MS
2020-12-16 20:32:45,545 [myid:3] - INFO  [QuorumPeer[myid=3](plain=[0:0:0:0:0:0:0:0]:2183)(secure=disabled):QuorumPeer@863] - Peer state changed: leading - discovery
2020-12-16 20:32:45,546 [myid:3] - INFO  [QuorumPeer[myid=3](plain=[0:0:0:0:0:0:0:0]:2183)(secure=disabled):FileTxnSnapLog@470] - Snapshotting: 0xa00000026 to ./zookeeper-3-6-2-s3/zdata/version-2/snapshot.a00000026
2020-12-16 20:32:45,548 [myid:3] - INFO  [QuorumPeer[myid=3](plain=[0:0:0:0:0:0:0:0]:2183)(secure=disabled):ZooKeeperServer@529] - Snapshot taken in 3 ms
2020-12-16 20:32:45,642 [myid:3] - INFO  [LearnerHandler-/127.0.0.1:50368:LearnerHandler@504] - Follower sid: 2 : info : 127.0.0.1:2288:3388:participant
2020-12-16 20:32:45,647 [myid:3] - INFO  [QuorumPeer[myid=3](plain=[0:0:0:0:0:0:0:0]:2183)(secure=disabled):QuorumPeer@1811] - Dynamic reconfig is disabled, we don't store the last seen config.
2020-12-16 20:32:45,648 [myid:3] - INFO  [LearnerHandler-/127.0.0.1:50368:ZKDatabase@345] - On disk txn sync enabled with snapshotSizeFactor 0.33
2020-12-16 20:32:45,648 [myid:3] - INFO  [LearnerHandler-/127.0.0.1:50368:LearnerHandler@807] - Synchronizing with Learner sid: 2 maxCommittedLog=0xa00000026 minCommittedLog=0xa00000001 lastProcessedZxid=0xa00000026 peerLastZxid=0xa00000026
2020-12-16 20:32:45,649 [myid:3] - INFO  [LearnerHandler-/127.0.0.1:50368:LearnerHandler@852] - Sending DIFF zxid=0xa00000026 for peer sid: 2
2020-12-16 20:32:45,650 [myid:3] - INFO  [QuorumPeer[myid=3](plain=[0:0:0:0:0:0:0:0]:2183)(secure=disabled):QuorumPeer@863] - Peer state changed: leading - synchronization
2020-12-16 20:32:45,656 [myid:3] - INFO  [QuorumPeer[myid=3](plain=[0:0:0:0:0:0:0:0]:2183)(secure=disabled):Leader@1504] - Have quorum of supporters, sids: [[2, 3]]; starting up and setting last processed zxid: 0xb00000000
2020-12-16 20:32:45,656 [myid:3] - INFO  [QuorumPeer[myid=3](plain=[0:0:0:0:0:0:0:0]:2183)(secure=disabled):Leader@1526] - Dynamic reconfig feature is disabled, skip designatedLeader calculation and reconfig processing.
2020-12-16 20:32:45,658 [myid:3] - INFO  [QuorumPeer[myid=3](plain=[0:0:0:0:0:0:0:0]:2183)(secure=disabled):CommitProcessor@476] - Configuring CommitProcessor with readBatchSize -1 commitBatchSize 1
2020-12-16 20:32:45,658 [myid:3] - INFO  [QuorumPeer[myid=3](plain=[0:0:0:0:0:0:0:0]:2183)(secure=disabled):CommitProcessor@438] - Configuring CommitProcessor with 4 worker threads.
2020-12-16 20:32:45,664 [myid:3] - INFO  [ProcessThread(sid:3 cport:-1)::PrepRequestProcessor@136] - PrepRequestProcessor (sid:3) started, reconfigEnabled=false
2020-12-16 20:32:45,666 [myid:3] - INFO  [QuorumPeer[myid=3](plain=[0:0:0:0:0:0:0:0]:2183)(secure=disabled):ContainerManager@83] - Using checkIntervalMs=60000 maxPerMinute=10000 maxNeverUsedIntervalMs=0
2020-12-16 20:32:45,670 [myid:3] - INFO  [QuorumPeer[myid=3](plain=[0:0:0:0:0:0:0:0]:2183)(secure=disabled):QuorumPeer@863] - Peer state changed: leading - broadcast
2020-12-16 20:32:50,837 [myid:3] - WARN  [RecvWorker:2:QuorumCnxManager$RecvWorker@1395] - Connection broken for id 2, my id = 3
java.io.EOFException
	at java.io.DataInputStream.readInt(DataInputStream.java:392)
	at org.apache.zookeeper.server.quorum.QuorumCnxManager$RecvWorker.run(QuorumCnxManager.java:1383)
2020-12-16 20:32:50,837 [myid:3] - WARN  [RecvWorker:2:QuorumCnxManager$RecvWorker@1401] - Interrupting SendWorker thread from RecvWorker. sid: 2. myId: 3
2020-12-16 20:32:50,837 [myid:3] - ERROR [LearnerHandler-/127.0.0.1:50368:LearnerHandler@714] - Unexpected exception causing shutdown while sock still open
java.io.EOFException
	at java.io.DataInputStream.readInt(DataInputStream.java:392)
	at org.apache.jute.BinaryInputArchive.readInt(BinaryInputArchive.java:96)
	at org.apache.zookeeper.server.quorum.QuorumPacket.deserialize(QuorumPacket.java:86)
	at org.apache.jute.BinaryInputArchive.readRecord(BinaryInputArchive.java:134)
	at org.apache.zookeeper.server.quorum.LearnerHandler.run(LearnerHandler.java:650)
2020-12-16 20:32:50,838 [myid:3] - WARN  [SendWorker:2:QuorumCnxManager$SendWorker@1281] - Interrupted while waiting for message on queue
java.lang.InterruptedException
	at java.util.concurrent.locks.AbstractQueuedSynchronizer$ConditionObject.reportInterruptAfterWait(AbstractQueuedSynchronizer.java:2014)
	at java.util.concurrent.locks.AbstractQueuedSynchronizer$ConditionObject.awaitNanos(AbstractQueuedSynchronizer.java:2088)
	at org.apache.zookeeper.util.CircularBlockingQueue.poll(CircularBlockingQueue.java:105)
	at org.apache.zookeeper.server.quorum.QuorumCnxManager.pollSendQueue(QuorumCnxManager.java:1446)
	at org.apache.zookeeper.server.quorum.QuorumCnxManager.access$900(QuorumCnxManager.java:98)
	at org.apache.zookeeper.server.quorum.QuorumCnxManager$SendWorker.run(QuorumCnxManager.java:1270)
2020-12-16 20:32:50,839 [myid:3] - WARN  [LearnerHandler-/127.0.0.1:50368:LearnerHandler@737] - ******* GOODBYE /127.0.0.1:50368 ********
2020-12-16 20:32:50,839 [myid:3] - WARN  [SendWorker:2:QuorumCnxManager$SendWorker@1293] - Send worker leaving thread id 2 my id = 3
2020-12-16 20:32:51,688 [myid:3] - INFO  [QuorumPeer[myid=3](plain=[0:0:0:0:0:0:0:0]:2183)(secure=disabled):Leader@793] - Shutting down
2020-12-16 20:32:51,688 [myid:3] - INFO  [QuorumPeer[myid=3](plain=[0:0:0:0:0:0:0:0]:2183)(secure=disabled):Leader@799] - Shutdown called. For the reason Not sufficient followers synced, only synced with sids: [ [3] ]
2020-12-16 20:32:51,689 [myid:3] - WARN  [LearnerCnxAcceptorHandler-/127.0.0.1:2289:Leader$LearnerCnxAcceptor$LearnerCnxAcceptorHandler@523] - Exception while shutting down acceptor.
java.net.SocketException: Socket closed
	at java.net.PlainSocketImpl.socketAccept(Native Method)
	at java.net.AbstractPlainSocketImpl.accept(AbstractPlainSocketImpl.java:409)
	at java.net.ServerSocket.implAccept(ServerSocket.java:545)
	at java.net.ServerSocket.accept(ServerSocket.java:513)
	at org.apache.zookeeper.server.quorum.Leader$LearnerCnxAcceptor$LearnerCnxAcceptorHandler.acceptConnections(Leader.java:510)
	at org.apache.zookeeper.server.quorum.Leader$LearnerCnxAcceptor$LearnerCnxAcceptorHandler.run(Leader.java:493)
	at java.util.concurrent.Executors$RunnableAdapter.call(Executors.java:511)
	at java.util.concurrent.FutureTask.run(FutureTask.java:266)
	at java.util.concurrent.ThreadPoolExecutor.runWorker(ThreadPoolExecutor.java:1142)
	at java.util.concurrent.ThreadPoolExecutor$Worker.run(ThreadPoolExecutor.java:617)
	at java.lang.Thread.run(Thread.java:745)
2020-12-16 20:32:51,690 [myid:3] - INFO  [QuorumPeer[myid=3](plain=[0:0:0:0:0:0:0:0]:2183)(secure=disabled):ZooKeeperServer@794] - shutting down
2020-12-16 20:32:51,691 [myid:3] - INFO  [QuorumPeer[myid=3](plain=[0:0:0:0:0:0:0:0]:2183)(secure=disabled):RequestThrottler@244] - Shutting down
2020-12-16 20:32:51,691 [myid:3] - INFO  [RequestThrottler:RequestThrottler@205] - Draining request throttler queue
2020-12-16 20:32:51,691 [myid:3] - INFO  [RequestThrottler:RequestThrottler@181] - RequestThrottler shutdown. Dropped 0 requests
2020-12-16 20:32:51,691 [myid:3] - INFO  [QuorumPeer[myid=3](plain=[0:0:0:0:0:0:0:0]:2183)(secure=disabled):SessionTrackerImpl@247] - Shutting down
2020-12-16 20:32:51,691 [myid:3] - INFO  [QuorumPeer[myid=3](plain=[0:0:0:0:0:0:0:0]:2183)(secure=disabled):LeaderRequestProcessor@79] - Shutting down
2020-12-16 20:32:51,691 [myid:3] - INFO  [QuorumPeer[myid=3](plain=[0:0:0:0:0:0:0:0]:2183)(secure=disabled):PrepRequestProcessor@1048] - Shutting down
2020-12-16 20:32:51,692 [myid:3] - INFO  [QuorumPeer[myid=3](plain=[0:0:0:0:0:0:0:0]:2183)(secure=disabled):ProposalRequestProcessor@87] - Shutting down
2020-12-16 20:32:51,692 [myid:3] - INFO  [ProcessThread(sid:3 cport:-1)::PrepRequestProcessor@160] - PrepRequestProcessor exited loop!
2020-12-16 20:32:51,692 [myid:3] - INFO  [QuorumPeer[myid=3](plain=[0:0:0:0:0:0:0:0]:2183)(secure=disabled):CommitProcessor@617] - Shutting down
2020-12-16 20:32:51,692 [myid:3] - INFO  [CommitProcessor:3:CommitProcessor@406] - CommitProcessor exited loop!
2020-12-16 20:32:51,692 [myid:3] - INFO  [QuorumPeer[myid=3](plain=[0:0:0:0:0:0:0:0]:2183)(secure=disabled):Leader$ToBeAppliedRequestProcessor@1109] - Shutting down
2020-12-16 20:32:51,693 [myid:3] - INFO  [QuorumPeer[myid=3](plain=[0:0:0:0:0:0:0:0]:2183)(secure=disabled):FinalRequestProcessor@662] - shutdown of request processor complete
2020-12-16 20:32:51,693 [myid:3] - INFO  [QuorumPeer[myid=3](plain=[0:0:0:0:0:0:0:0]:2183)(secure=disabled):SyncRequestProcessor@256] - Shutting down
2020-12-16 20:32:51,693 [myid:3] - INFO  [SyncThread:3:SyncRequestProcessor@225] - SyncRequestProcessor exited!
2020-12-16 20:32:51,694 [myid:3] - INFO  [QuorumPeer[myid=3](plain=[0:0:0:0:0:0:0:0]:2183)(secure=disabled):QuorumPeer@863] - Peer state changed: looking
2020-12-16 20:32:51,694 [myid:3] - WARN  [QuorumPeer[myid=3](plain=[0:0:0:0:0:0:0:0]:2183)(secure=disabled):QuorumPeer@1504] - PeerState set to LOOKING
2020-12-16 20:32:51,695 [myid:3] - INFO  [QuorumPeer[myid=3](plain=[0:0:0:0:0:0:0:0]:2183)(secure=disabled):QuorumPeer@1374] - LOOKING
2020-12-16 20:32:51,695 [myid:3] - INFO  [QuorumPeer[myid=3](plain=[0:0:0:0:0:0:0:0]:2183)(secure=disabled):FastLeaderElection@944] - New election. My id = 3, proposed zxid=0xb00000000
2020-12-16 20:32:51,697 [myid:3] - WARN  [QuorumConnectionThread-[myid=3]-4:QuorumCnxManager@400] - Cannot open channel to 1 at election address /127.0.0.1:3387
java.net.ConnectException: Connection refused (Connection refused)
	at java.net.PlainSocketImpl.socketConnect(Native Method)
	at java.net.AbstractPlainSocketImpl.doConnect(AbstractPlainSocketImpl.java:350)
	at java.net.AbstractPlainSocketImpl.connectToAddress(AbstractPlainSocketImpl.java:206)
	at java.net.AbstractPlainSocketImpl.connect(AbstractPlainSocketImpl.java:188)
	at java.net.SocksSocketImpl.connect(SocksSocketImpl.java:392)
	at java.net.Socket.connect(Socket.java:589)
	at org.apache.zookeeper.server.quorum.QuorumCnxManager.initiateConnection(QuorumCnxManager.java:383)
	at org.apache.zookeeper.server.quorum.QuorumCnxManager$QuorumConnectionReqThread.run(QuorumCnxManager.java:457)
	at java.util.concurrent.ThreadPoolExecutor.runWorker(ThreadPoolExecutor.java:1142)
	at java.util.concurrent.ThreadPoolExecutor$Worker.run(ThreadPoolExecutor.java:617)
	at java.lang.Thread.run(Thread.java:745)
2020-12-16 20:32:51,697 [myid:3] - INFO  [WorkerReceiver[myid=3]:FastLeaderElection$Messenger$WorkerReceiver@389] - Notification: my state:LOOKING; n.sid:3, n.state:LOOKING, n.leader:3, n.round:0x7, n.peerEpoch:0xb, n.zxid:0xb00000000, message format version:0x2, n.config version:0x0
2020-12-16 20:32:51,697 [myid:3] - WARN  [QuorumConnectionThread-[myid=3]-5:QuorumCnxManager@400] - Cannot open channel to 2 at election address /127.0.0.1:3388
java.net.ConnectException: Connection refused (Connection refused)
	at java.net.PlainSocketImpl.socketConnect(Native Method)
	at java.net.AbstractPlainSocketImpl.doConnect(AbstractPlainSocketImpl.java:350)
	at java.net.AbstractPlainSocketImpl.connectToAddress(AbstractPlainSocketImpl.java:206)
	at java.net.AbstractPlainSocketImpl.connect(AbstractPlainSocketImpl.java:188)
	at java.net.SocksSocketImpl.connect(SocksSocketImpl.java:392)
	at java.net.Socket.connect(Socket.java:589)
	at org.apache.zookeeper.server.quorum.QuorumCnxManager.initiateConnection(QuorumCnxManager.java:383)
	at org.apache.zookeeper.server.quorum.QuorumCnxManager$QuorumConnectionReqThread.run(QuorumCnxManager.java:457)
	at java.util.concurrent.ThreadPoolExecutor.runWorker(ThreadPoolExecutor.java:1142)
	at java.util.concurrent.ThreadPoolExecutor$Worker.run(ThreadPoolExecutor.java:617)
	at java.lang.Thread.run(Thread.java:745)
2020-12-16 20:32:51,899 [myid:3] - INFO  [QuorumPeer[myid=3](plain=[0:0:0:0:0:0:0:0]:2183)(secure=disabled):FastLeaderElection@979] - Notification time out: 400
2020-12-16 20:32:51,900 [myid:3] - WARN  [QuorumConnectionThread-[myid=3]-5:QuorumCnxManager@400] - Cannot open channel to 1 at election address /127.0.0.1:3387
java.net.ConnectException: Connection refused (Connection refused)
	at java.net.PlainSocketImpl.socketConnect(Native Method)
	at java.net.AbstractPlainSocketImpl.doConnect(AbstractPlainSocketImpl.java:350)
	at java.net.AbstractPlainSocketImpl.connectToAddress(AbstractPlainSocketImpl.java:206)
	at java.net.AbstractPlainSocketImpl.connect(AbstractPlainSocketImpl.java:188)
	at java.net.SocksSocketImpl.connect(SocksSocketImpl.java:392)
	at java.net.Socket.connect(Socket.java:589)
	at org.apache.zookeeper.server.quorum.QuorumCnxManager.initiateConnection(QuorumCnxManager.java:383)
	at org.apache.zookeeper.server.quorum.QuorumCnxManager$QuorumConnectionReqThread.run(QuorumCnxManager.java:457)
	at java.util.concurrent.ThreadPoolExecutor.runWorker(ThreadPoolExecutor.java:1142)
	at java.util.concurrent.ThreadPoolExecutor$Worker.run(ThreadPoolExecutor.java:617)
	at java.lang.Thread.run(Thread.java:745)
2020-12-16 20:32:51,900 [myid:3] - WARN  [QuorumConnectionThread-[myid=3]-4:QuorumCnxManager@400] - Cannot open channel to 2 at election address /127.0.0.1:3388
java.net.ConnectException: Connection refused (Connection refused)
	at java.net.PlainSocketImpl.socketConnect(Native Method)
	at java.net.AbstractPlainSocketImpl.doConnect(AbstractPlainSocketImpl.java:350)
	at java.net.AbstractPlainSocketImpl.connectToAddress(AbstractPlainSocketImpl.java:206)
	at java.net.AbstractPlainSocketImpl.connect(AbstractPlainSocketImpl.java:188)
	at java.net.SocksSocketImpl.connect(SocksSocketImpl.java:392)
	at java.net.Socket.connect(Socket.java:589)
	at org.apache.zookeeper.server.quorum.QuorumCnxManager.initiateConnection(QuorumCnxManager.java:383)
	at org.apache.zookeeper.server.quorum.QuorumCnxManager$QuorumConnectionReqThread.run(QuorumCnxManager.java:457)
	at java.util.concurrent.ThreadPoolExecutor.runWorker(ThreadPoolExecutor.java:1142)
	at java.util.concurrent.ThreadPoolExecutor$Worker.run(ThreadPoolExecutor.java:617)
	at java.lang.Thread.run(Thread.java:745)
2020-12-16 20:32:52,305 [myid:3] - INFO  [QuorumPeer[myid=3](plain=[0:0:0:0:0:0:0:0]:2183)(secure=disabled):FastLeaderElection@979] - Notification time out: 800
2020-12-16 20:32:52,306 [myid:3] - WARN  [QuorumConnectionThread-[myid=3]-4:QuorumCnxManager@400] - Cannot open channel to 1 at election address /127.0.0.1:3387
java.net.ConnectException: Connection refused (Connection refused)
	at java.net.PlainSocketImpl.socketConnect(Native Method)
	at java.net.AbstractPlainSocketImpl.doConnect(AbstractPlainSocketImpl.java:350)
	at java.net.AbstractPlainSocketImpl.connectToAddress(AbstractPlainSocketImpl.java:206)
	at java.net.AbstractPlainSocketImpl.connect(AbstractPlainSocketImpl.java:188)
	at java.net.SocksSocketImpl.connect(SocksSocketImpl.java:392)
	at java.net.Socket.connect(Socket.java:589)
	at org.apache.zookeeper.server.quorum.QuorumCnxManager.initiateConnection(QuorumCnxManager.java:383)
	at org.apache.zookeeper.server.quorum.QuorumCnxManager$QuorumConnectionReqThread.run(QuorumCnxManager.java:457)
	at java.util.concurrent.ThreadPoolExecutor.runWorker(ThreadPoolExecutor.java:1142)
	at java.util.concurrent.ThreadPoolExecutor$Worker.run(ThreadPoolExecutor.java:617)
	at java.lang.Thread.run(Thread.java:745)
2020-12-16 20:32:52,306 [myid:3] - WARN  [QuorumConnectionThread-[myid=3]-5:QuorumCnxManager@400] - Cannot open channel to 2 at election address /127.0.0.1:3388
java.net.ConnectException: Connection refused (Connection refused)
	at java.net.PlainSocketImpl.socketConnect(Native Method)
	at java.net.AbstractPlainSocketImpl.doConnect(AbstractPlainSocketImpl.java:350)
	at java.net.AbstractPlainSocketImpl.connectToAddress(AbstractPlainSocketImpl.java:206)
	at java.net.AbstractPlainSocketImpl.connect(AbstractPlainSocketImpl.java:188)
	at java.net.SocksSocketImpl.connect(SocksSocketImpl.java:392)
	at java.net.Socket.connect(Socket.java:589)
	at org.apache.zookeeper.server.quorum.QuorumCnxManager.initiateConnection(QuorumCnxManager.java:383)
	at org.apache.zookeeper.server.quorum.QuorumCnxManager$QuorumConnectionReqThread.run(QuorumCnxManager.java:457)
	at java.util.concurrent.ThreadPoolExecutor.runWorker(ThreadPoolExecutor.java:1142)
	at java.util.concurrent.ThreadPoolExecutor$Worker.run(ThreadPoolExecutor.java:617)
	at java.lang.Thread.run(Thread.java:745)
2020-12-16 20:32:52,825 [myid:3] - INFO  [SessionTracker:SessionTrackerImpl@170] - SessionTrackerImpl exited loop!
2020-12-16 20:32:53,110 [myid:3] - INFO  [QuorumPeer[myid=3](plain=[0:0:0:0:0:0:0:0]:2183)(secure=disabled):FastLeaderElection@979] - Notification time out: 1600
2020-12-16 20:32:53,110 [myid:3] - WARN  [QuorumConnectionThread-[myid=3]-5:QuorumCnxManager@400] - Cannot open channel to 1 at election address /127.0.0.1:3387
java.net.ConnectException: Connection refused (Connection refused)
	at java.net.PlainSocketImpl.socketConnect(Native Method)
	at java.net.AbstractPlainSocketImpl.doConnect(AbstractPlainSocketImpl.java:350)
	at java.net.AbstractPlainSocketImpl.connectToAddress(AbstractPlainSocketImpl.java:206)
	at java.net.AbstractPlainSocketImpl.connect(AbstractPlainSocketImpl.java:188)
	at java.net.SocksSocketImpl.connect(SocksSocketImpl.java:392)
	at java.net.Socket.connect(Socket.java:589)
	at org.apache.zookeeper.server.quorum.QuorumCnxManager.initiateConnection(QuorumCnxManager.java:383)
	at org.apache.zookeeper.server.quorum.QuorumCnxManager$QuorumConnectionReqThread.run(QuorumCnxManager.java:457)
	at java.util.concurrent.ThreadPoolExecutor.runWorker(ThreadPoolExecutor.java:1142)
	at java.util.concurrent.ThreadPoolExecutor$Worker.run(ThreadPoolExecutor.java:617)
	at java.lang.Thread.run(Thread.java:745)
2020-12-16 20:32:53,110 [myid:3] - WARN  [QuorumConnectionThread-[myid=3]-4:QuorumCnxManager@400] - Cannot open channel to 2 at election address /127.0.0.1:3388
java.net.ConnectException: Connection refused (Connection refused)
	at java.net.PlainSocketImpl.socketConnect(Native Method)
	at java.net.AbstractPlainSocketImpl.doConnect(AbstractPlainSocketImpl.java:350)
	at java.net.AbstractPlainSocketImpl.connectToAddress(AbstractPlainSocketImpl.java:206)
	at java.net.AbstractPlainSocketImpl.connect(AbstractPlainSocketImpl.java:188)
	at java.net.SocksSocketImpl.connect(SocksSocketImpl.java:392)
	at java.net.Socket.connect(Socket.java:589)
	at org.apache.zookeeper.server.quorum.QuorumCnxManager.initiateConnection(QuorumCnxManager.java:383)
	at org.apache.zookeeper.server.quorum.QuorumCnxManager$QuorumConnectionReqThread.run(QuorumCnxManager.java:457)
	at java.util.concurrent.ThreadPoolExecutor.runWorker(ThreadPoolExecutor.java:1142)
	at java.util.concurrent.ThreadPoolExecutor$Worker.run(ThreadPoolExecutor.java:617)
	at java.lang.Thread.run(Thread.java:745)
2020-12-16 20:32:53,669 [myid:3] - WARN  [NIOWorkerThread-3:NIOServerCnxn@373] - Close of session 0x0
java.io.IOException: ZooKeeperServer not running
	at org.apache.zookeeper.server.NIOServerCnxn.readLength(NIOServerCnxn.java:544)
	at org.apache.zookeeper.server.NIOServerCnxn.doIO(NIOServerCnxn.java:332)
	at org.apache.zookeeper.server.NIOServerCnxnFactory$IOWorkRequest.doWork(NIOServerCnxnFactory.java:522)
	at org.apache.zookeeper.server.WorkerService$ScheduledWorkRequest.run(WorkerService.java:154)
	at java.util.concurrent.ThreadPoolExecutor.runWorker(ThreadPoolExecutor.java:1142)
	at java.util.concurrent.ThreadPoolExecutor$Worker.run(ThreadPoolExecutor.java:617)
	at java.lang.Thread.run(Thread.java:745)
2020-12-16 20:32:54,716 [myid:3] - INFO  [QuorumPeer[myid=3](plain=[0:0:0:0:0:0:0:0]:2183)(secure=disabled):FastLeaderElection@979] - Notification time out: 3200
2020-12-16 20:32:54,717 [myid:3] - WARN  [QuorumConnectionThread-[myid=3]-4:QuorumCnxManager@400] - Cannot open channel to 1 at election address /127.0.0.1:3387
java.net.ConnectException: Connection refused (Connection refused)
	at java.net.PlainSocketImpl.socketConnect(Native Method)
	at java.net.AbstractPlainSocketImpl.doConnect(AbstractPlainSocketImpl.java:350)
	at java.net.AbstractPlainSocketImpl.connectToAddress(AbstractPlainSocketImpl.java:206)
	at java.net.AbstractPlainSocketImpl.connect(AbstractPlainSocketImpl.java:188)
	at java.net.SocksSocketImpl.connect(SocksSocketImpl.java:392)
	at java.net.Socket.connect(Socket.java:589)
	at org.apache.zookeeper.server.quorum.QuorumCnxManager.initiateConnection(QuorumCnxManager.java:383)
	at org.apache.zookeeper.server.quorum.QuorumCnxManager$QuorumConnectionReqThread.run(QuorumCnxManager.java:457)
	at java.util.concurrent.ThreadPoolExecutor.runWorker(ThreadPoolExecutor.java:1142)
	at java.util.concurrent.ThreadPoolExecutor$Worker.run(ThreadPoolExecutor.java:617)
	at java.lang.Thread.run(Thread.java:745)
2020-12-16 20:32:54,717 [myid:3] - WARN  [QuorumConnectionThread-[myid=3]-5:QuorumCnxManager@400] - Cannot open channel to 2 at election address /127.0.0.1:3388
java.net.ConnectException: Connection refused (Connection refused)
	at java.net.PlainSocketImpl.socketConnect(Native Method)
	at java.net.AbstractPlainSocketImpl.doConnect(AbstractPlainSocketImpl.java:350)
	at java.net.AbstractPlainSocketImpl.connectToAddress(AbstractPlainSocketImpl.java:206)
	at java.net.AbstractPlainSocketImpl.connect(AbstractPlainSocketImpl.java:188)
	at java.net.SocksSocketImpl.connect(SocksSocketImpl.java:392)
	at java.net.Socket.connect(Socket.java:589)
	at org.apache.zookeeper.server.quorum.QuorumCnxManager.initiateConnection(QuorumCnxManager.java:383)
	at org.apache.zookeeper.server.quorum.QuorumCnxManager$QuorumConnectionReqThread.run(QuorumCnxManager.java:457)
	at java.util.concurrent.ThreadPoolExecutor.runWorker(ThreadPoolExecutor.java:1142)
	at java.util.concurrent.ThreadPoolExecutor$Worker.run(ThreadPoolExecutor.java:617)
	at java.lang.Thread.run(Thread.java:745)
2020-12-16 20:32:55,081 [myid:3] - WARN  [NIOWorkerThread-4:NIOServerCnxn@373] - Close of session 0x0
java.io.IOException: ZooKeeperServer not running
	at org.apache.zookeeper.server.NIOServerCnxn.readLength(NIOServerCnxn.java:544)
	at org.apache.zookeeper.server.NIOServerCnxn.doIO(NIOServerCnxn.java:332)
	at org.apache.zookeeper.server.NIOServerCnxnFactory$IOWorkRequest.doWork(NIOServerCnxnFactory.java:522)
	at org.apache.zookeeper.server.WorkerService$ScheduledWorkRequest.run(WorkerService.java:154)
	at java.util.concurrent.ThreadPoolExecutor.runWorker(ThreadPoolExecutor.java:1142)
	at java.util.concurrent.ThreadPoolExecutor$Worker.run(ThreadPoolExecutor.java:617)
	at java.lang.Thread.run(Thread.java:745)
2020-12-16 20:32:56,896 [myid:3] - WARN  [NIOWorkerThread-5:NIOServerCnxn@373] - Close of session 0x0
java.io.IOException: ZooKeeperServer not running
	at org.apache.zookeeper.server.NIOServerCnxn.readLength(NIOServerCnxn.java:544)
	at org.apache.zookeeper.server.NIOServerCnxn.doIO(NIOServerCnxn.java:332)
	at org.apache.zookeeper.server.NIOServerCnxnFactory$IOWorkRequest.doWork(NIOServerCnxnFactory.java:522)
	at org.apache.zookeeper.server.WorkerService$ScheduledWorkRequest.run(WorkerService.java:154)
	at java.util.concurrent.ThreadPoolExecutor.runWorker(ThreadPoolExecutor.java:1142)
	at java.util.concurrent.ThreadPoolExecutor$Worker.run(ThreadPoolExecutor.java:617)
	at java.lang.Thread.run(Thread.java:745)
2020-12-16 20:32:57,919 [myid:3] - INFO  [QuorumPeer[myid=3](plain=[0:0:0:0:0:0:0:0]:2183)(secure=disabled):FastLeaderElection@979] - Notification time out: 6400
2020-12-16 20:32:57,920 [myid:3] - WARN  [QuorumConnectionThread-[myid=3]-5:QuorumCnxManager@400] - Cannot open channel to 1 at election address /127.0.0.1:3387
java.net.ConnectException: Connection refused (Connection refused)
	at java.net.PlainSocketImpl.socketConnect(Native Method)
	at java.net.AbstractPlainSocketImpl.doConnect(AbstractPlainSocketImpl.java:350)
	at java.net.AbstractPlainSocketImpl.connectToAddress(AbstractPlainSocketImpl.java:206)
	at java.net.AbstractPlainSocketImpl.connect(AbstractPlainSocketImpl.java:188)
	at java.net.SocksSocketImpl.connect(SocksSocketImpl.java:392)
	at java.net.Socket.connect(Socket.java:589)
	at org.apache.zookeeper.server.quorum.QuorumCnxManager.initiateConnection(QuorumCnxManager.java:383)
	at org.apache.zookeeper.server.quorum.QuorumCnxManager$QuorumConnectionReqThread.run(QuorumCnxManager.java:457)
	at java.util.concurrent.ThreadPoolExecutor.runWorker(ThreadPoolExecutor.java:1142)
	at java.util.concurrent.ThreadPoolExecutor$Worker.run(ThreadPoolExecutor.java:617)
	at java.lang.Thread.run(Thread.java:745)
2020-12-16 20:32:57,920 [myid:3] - WARN  [QuorumConnectionThread-[myid=3]-4:QuorumCnxManager@400] - Cannot open channel to 2 at election address /127.0.0.1:3388
java.net.ConnectException: Connection refused (Connection refused)
	at java.net.PlainSocketImpl.socketConnect(Native Method)
	at java.net.AbstractPlainSocketImpl.doConnect(AbstractPlainSocketImpl.java:350)
	at java.net.AbstractPlainSocketImpl.connectToAddress(AbstractPlainSocketImpl.java:206)
	at java.net.AbstractPlainSocketImpl.connect(AbstractPlainSocketImpl.java:188)
	at java.net.SocksSocketImpl.connect(SocksSocketImpl.java:392)
	at java.net.Socket.connect(Socket.java:589)
	at org.apache.zookeeper.server.quorum.QuorumCnxManager.initiateConnection(QuorumCnxManager.java:383)
	at org.apache.zookeeper.server.quorum.QuorumCnxManager$QuorumConnectionReqThread.run(QuorumCnxManager.java:457)
	at java.util.concurrent.ThreadPoolExecutor.runWorker(ThreadPoolExecutor.java:1142)
	at java.util.concurrent.ThreadPoolExecutor$Worker.run(ThreadPoolExecutor.java:617)
	at java.lang.Thread.run(Thread.java:745)
